<?xml version="1.0" encoding="UTF-8"?>
<!-- Generated by org.testng.reporters.JUnitXMLReporter -->
<testsuite hostname="DESKTOP-4SSU5PL" ignored="0" name="Test" tests="4" failures="0" timestamp="11 Aug 2020 10:18:44 GMT" time="0.091" errors="0">
  <testcase name="@BeforeClass openBrowser" time="0.029" classname="com.actitime.genericLib.BaseTest">
    <failure type="java.io.FileNotFoundException" message=".\data\config.properties (The system cannot find the path specified)">
      <![CDATA[java.io.FileNotFoundException: .\data\config.properties (The system cannot find the path specified)
at java.io.FileInputStream.open0(Native Method)
at java.io.FileInputStream.open(FileInputStream.java:195)
at java.io.FileInputStream.<init>(FileInputStream.java:138)
at java.io.FileInputStream.<init>(FileInputStream.java:93)
at com.actitime.genericLib.FileLib.getProkeyValue(FileLib.java:42)
at com.actitime.genericLib.BaseTest.openBrowser(BaseTest.java:20)
... Removed 29 stack frames]]>
    </failure>
  </testcase> <!-- @BeforeClass openBrowser -->
  <testcase name="@AfterClass closeBrowser" time="0.0" classname="com.actitime.genericLib.BaseTest">
    <skipped/>
  </testcase> <!-- @AfterClass closeBrowser -->
  <testcase name="@BeforeClass openBrowser" time="0.001" classname="com.actitime.genericLib.BaseTest">
    <failure type="java.io.FileNotFoundException" message=".\data\config.properties (The system cannot find the path specified)">
      <![CDATA[java.io.FileNotFoundException: .\data\config.properties (The system cannot find the path specified)
at java.io.FileInputStream.open0(Native Method)
at java.io.FileInputStream.open(FileInputStream.java:195)
at java.io.FileInputStream.<init>(FileInputStream.java:138)
at java.io.FileInputStream.<init>(FileInputStream.java:93)
at com.actitime.genericLib.FileLib.getProkeyValue(FileLib.java:42)
at com.actitime.genericLib.BaseTest.openBrowser(BaseTest.java:20)
... Removed 29 stack frames]]>
    </failure>
  </testcase> <!-- @BeforeClass openBrowser -->
  <testcase name="@AfterClass closeBrowser" time="0.0" classname="com.actitime.genericLib.BaseTest">
    <skipped/>
  </testcase> <!-- @AfterClass closeBrowser -->
  <testcase name="validLogin" time="0.0" classname="com.actitime.timetrack.ValidLoginTest">
    <skipped/>
  </testcase> <!-- validLogin -->
  <testcase name="run" time="0.001" classname="com.actitime.timetrack.Demo"/>
  <testcase name="run" time="0.002" classname="com.actitime.timetrack.Demo2"/>
  <testcase name="InvalidLoginTest" time="0.0" classname="com.actitime.timetrack.ActiInvalidLoginTest">
    <skipped/>
  </testcase> <!-- InvalidLoginTest -->
</testsuite> <!-- Test -->
